Using pre-set license
Built from '2020.3/staging' branch; Version is '2020.3.5f1 (8095aa901b9b) revision 8426922'; Using compiler version '192528614'; Build Type 'Release'
OS: 'Windows 10 Home; OS build 19044.1889; Version 2009; 64bit' Language: 'en' Physical Memory: 16322 MB
BatchMode: 1, IsHumanControllingUs: 0, StartBugReporterOnCrash: 0, Is64bit: 1, IsPro: 0

 COMMAND LINE ARGUMENTS:
D:\Program Files\Unity\Hub\Editor\2020.3.5f1\Editor\Unity.exe
-adb2
-batchMode
-noUpm
-name
AssetImportWorker0
-projectPath
D:/AIE/PhysicsForGamesUnity/PhysicsForGames
-logFile
Logs/AssetImportWorker0.log
-srvPort
50832
Successfully changed project path to: D:/AIE/PhysicsForGamesUnity/PhysicsForGames
D:/AIE/PhysicsForGamesUnity/PhysicsForGames
Using Asset Import Pipeline V2.
Refreshing native plugins compatible for Editor in 18.35 ms, found 0 plugins.
Preloading 0 native plugins for Editor in 0.00 ms.
Initialize engine version: 2020.3.5f1 (8095aa901b9b)
[Subsystems] Discovering subsystems at path D:/Program Files/Unity/Hub/Editor/2020.3.5f1/Editor/Data/Resources/UnitySubsystems
[Subsystems] Discovering subsystems at path D:/AIE/PhysicsForGamesUnity/PhysicsForGames/Assets
GfxDevice: creating device client; threaded=0
Direct3D:
    Version:  Direct3D 11.0 [level 11.1]
    Renderer: NVIDIA GeForce RTX 2080 (ID=0x1e82)
    Vendor:   
    VRAM:     8010 MB
    Driver:   30.0.15.1277
Initialize mono
Mono path[0] = 'D:/Program Files/Unity/Hub/Editor/2020.3.5f1/Editor/Data/Managed'
Mono path[1] = 'D:/Program Files/Unity/Hub/Editor/2020.3.5f1/Editor/Data/MonoBleedingEdge/lib/mono/unityjit'
Mono config path = 'D:/Program Files/Unity/Hub/Editor/2020.3.5f1/Editor/Data/MonoBleedingEdge/etc'
Using monoOptions --debugger-agent=transport=dt_socket,embedding=1,server=y,suspend=n,address=127.0.0.1:56264
Begin MonoManager ReloadAssembly
Registering precompiled unity dll's ...
Register platform support module: D:/Program Files/Unity/Hub/Editor/2020.3.5f1/Editor/Data/PlaybackEngines/WebGLSupport/UnityEditor.WebGL.Extensions.dll
Register platform support module: D:/Program Files/Unity/Hub/Editor/2020.3.5f1/Editor/Data/PlaybackEngines/WindowsStandaloneSupport/UnityEditor.WindowsStandalone.Extensions.dll
Registered in 0.001189 seconds.
Native extension for WindowsStandalone target not found
Native extension for WebGL target not found
Refreshing native plugins compatible for Editor in 18.40 ms, found 0 plugins.
Preloading 0 native plugins for Editor in 0.00 ms.
Mono: successfully reloaded assembly
- Completed reload, in  3.375 seconds
Platform modules already initialized, skipping
Registering precompiled user dll's ...
Registered in 0.000518 seconds.
Begin MonoManager ReloadAssembly
Native extension for WindowsStandalone target not found
Native extension for WebGL target not found
Refreshing native plugins compatible for Editor in 0.19 ms, found 0 plugins.
Preloading 0 native plugins for Editor in 0.00 ms.
Mono: successfully reloaded assembly
- Completed reload, in  0.668 seconds
Platform modules already initialized, skipping
========================================================================
Worker process is ready to serve import requests
Launched and connected shader compiler UnityShaderCompiler.exe after 0.07 seconds
Refreshing native plugins compatible for Editor in 0.18 ms, found 0 plugins.
Preloading 0 native plugins for Editor in 0.00 ms.
Unloading 1140 Unused Serialized files (Serialized files now loaded: 0)
System memory in use before: 60.6 MB.
System memory in use after: 60.6 MB.

Unloading 9 unused Assets to reduce memory usage. Loaded Objects now: 1587.
Total: 1.351900 ms (FindLiveObjects: 0.118300 ms CreateObjectMapping: 0.038200 ms MarkObjects: 1.143900 ms  DeleteObjects: 0.050800 ms)

========================================================================
Received Import Request.
  path: Assets/Prefabs/Battery.prefab
  artifactKey: Guid(8ff9bed249abaf44a9cefa9fc825ca9f) Importer(815301076,1909f56bfc062723c751e8b465ee728b)
Start importing Assets/Prefabs/Battery.prefab using Guid(8ff9bed249abaf44a9cefa9fc825ca9f) Importer(815301076,1909f56bfc062723c751e8b465ee728b)  -> (artifact id: 'ddc75497f2a4fed0e22fdfc95ffc0883') in 0.201140 seconds
  Import took 0.228665 seconds .

========================================================================
Received Import Request.
  Time since last request: 0.000147 seconds.
  path: Assets/Prefabs/Dummy.prefab
  artifactKey: Guid(8d0d8d4fc7ea7054d91f958c6628137c) Importer(815301076,1909f56bfc062723c751e8b465ee728b)
Start importing Assets/Prefabs/Dummy.prefab using Guid(8d0d8d4fc7ea7054d91f958c6628137c) Importer(815301076,1909f56bfc062723c751e8b465ee728b)  -> (artifact id: 'ffe47094f34d628571fd24205486dc88') in 0.084512 seconds
  Import took 0.086927 seconds .

========================================================================
Received Import Request.
  Time since last request: 0.000168 seconds.
  path: Assets/Prefabs/Grenade.prefab
  artifactKey: Guid(614a60732ecea9245a6964ab5172c767) Importer(815301076,1909f56bfc062723c751e8b465ee728b)
Start importing Assets/Prefabs/Grenade.prefab using Guid(614a60732ecea9245a6964ab5172c767) Importer(815301076,1909f56bfc062723c751e8b465ee728b)  -> (artifact id: 'fd03c34062e83c665f7f4475d9d0d0d0') in 0.050849 seconds
  Import took 0.062536 seconds .

========================================================================
Received Import Request.
  Time since last request: 0.000128 seconds.
  path: Assets/Prefabs/Wreakingball.prefab
  artifactKey: Guid(9d98281d6217fee478b9163993bf9a7d) Importer(815301076,1909f56bfc062723c751e8b465ee728b)
Start importing Assets/Prefabs/Wreakingball.prefab using Guid(9d98281d6217fee478b9163993bf9a7d) Importer(815301076,1909f56bfc062723c751e8b465ee728b)  -> (artifact id: '9fa0dcdf058c99688d8f666198a8ad00') in 0.019903 seconds
  Import took 0.021654 seconds .

========================================================================
Received Import Request.
  Time since last request: 0.000201 seconds.
  path: Assets/Prefabs/LandingPad.prefab
  artifactKey: Guid(bee1ff4f2d88a9a4da5cf69b9c6f6141) Importer(815301076,1909f56bfc062723c751e8b465ee728b)
Start importing Assets/Prefabs/LandingPad.prefab using Guid(bee1ff4f2d88a9a4da5cf69b9c6f6141) Importer(815301076,1909f56bfc062723c751e8b465ee728b)  -> (artifact id: 'b978668dcf443e659469a90e2de9b793') in 0.008101 seconds
  Import took 0.023669 seconds .

========================================================================
Received Import Request.
  Time since last request: 0.000130 seconds.
  path: Assets/Prefabs/Reset.prefab
  artifactKey: Guid(167075b8252d01a45a40871ce9b6bf19) Importer(815301076,1909f56bfc062723c751e8b465ee728b)
Start importing Assets/Prefabs/Reset.prefab using Guid(167075b8252d01a45a40871ce9b6bf19) Importer(815301076,1909f56bfc062723c751e8b465ee728b)  -> (artifact id: '9cfd3513bbc47a2cf54348dcae173371') in 0.031636 seconds
  Import took 0.033290 seconds .

========================================================================
Received Import Request.
  Time since last request: 0.000131 seconds.
  path: Assets/Prefabs/BatteryPlatform.prefab
  artifactKey: Guid(c9559629d2bcdf64c9b86a7034ab716f) Importer(815301076,1909f56bfc062723c751e8b465ee728b)
Start importing Assets/Prefabs/BatteryPlatform.prefab using Guid(c9559629d2bcdf64c9b86a7034ab716f) Importer(815301076,1909f56bfc062723c751e8b465ee728b)  -> (artifact id: 'd600c4a845e8e9456446c828f63f0ce2') in 0.008530 seconds
  Import took 0.010411 seconds .

========================================================================
Received Import Request.
  Time since last request: 7.046500 seconds.
  path: Assets/Prefabs/LandingPad.prefab
  artifactKey: Guid(bee1ff4f2d88a9a4da5cf69b9c6f6141) Importer(815301076,1909f56bfc062723c751e8b465ee728b)
Start importing Assets/Prefabs/LandingPad.prefab using Guid(bee1ff4f2d88a9a4da5cf69b9c6f6141) Importer(815301076,1909f56bfc062723c751e8b465ee728b)  -> (artifact id: '7ad81bf2c4b880a2503f9172d1d2ce66') in 0.009416 seconds
  Import took 0.018815 seconds .

========================================================================
Received Import Request.
  Time since last request: 5.710468 seconds.
  path: Assets/Prefabs/LandingPad.prefab
  artifactKey: Guid(bee1ff4f2d88a9a4da5cf69b9c6f6141) Importer(815301076,1909f56bfc062723c751e8b465ee728b)
Start importing Assets/Prefabs/LandingPad.prefab using Guid(bee1ff4f2d88a9a4da5cf69b9c6f6141) Importer(815301076,1909f56bfc062723c751e8b465ee728b)  -> (artifact id: 'fd68acdeb2b2eb17d0e8457861a821e0') in 0.008074 seconds
  Import took 0.009664 seconds .

========================================================================
Received Import Request.
  Time since last request: 9.651381 seconds.
  path: Assets/Prefabs/LandingPad.prefab
  artifactKey: Guid(bee1ff4f2d88a9a4da5cf69b9c6f6141) Importer(815301076,1909f56bfc062723c751e8b465ee728b)
Start importing Assets/Prefabs/LandingPad.prefab using Guid(bee1ff4f2d88a9a4da5cf69b9c6f6141) Importer(815301076,1909f56bfc062723c751e8b465ee728b)  -> (artifact id: '909c5f7ae63bee998b1250b9c5644c81') in 0.007691 seconds
  Import took 0.017384 seconds .

========================================================================
Received Import Request.
  Time since last request: 13.496723 seconds.
  path: Assets/Materials/BatteryMat.mat
  artifactKey: Guid(ee76d47344e9f164e9f5019ecab8d11d) Importer(815301076,1909f56bfc062723c751e8b465ee728b)
Start importing Assets/Materials/BatteryMat.mat using Guid(ee76d47344e9f164e9f5019ecab8d11d) Importer(815301076,1909f56bfc062723c751e8b465ee728b)  -> (artifact id: 'd7599f6a2184b360f0ae7f3ec6a82f58') in 0.061316 seconds
  Import took 0.077690 seconds .

========================================================================
Received Import Request.
  Time since last request: 0.000224 seconds.
  path: Assets/Materials/PlatformMat.mat
  artifactKey: Guid(1ed44db0b42149245a8431271a158022) Importer(815301076,1909f56bfc062723c751e8b465ee728b)
Start importing Assets/Materials/PlatformMat.mat using Guid(1ed44db0b42149245a8431271a158022) Importer(815301076,1909f56bfc062723c751e8b465ee728b)  -> (artifact id: '0063d81360f9f4c0ab137602b09081c0') in 0.012156 seconds
  Import took 0.013736 seconds .

========================================================================
Received Import Request.
  Time since last request: 0.000230 seconds.
  path: Assets/Materials/Button.mat
  artifactKey: Guid(0c09feafe591ea9409f88ddded49b659) Importer(815301076,1909f56bfc062723c751e8b465ee728b)
Start importing Assets/Materials/Button.mat using Guid(0c09feafe591ea9409f88ddded49b659) Importer(815301076,1909f56bfc062723c751e8b465ee728b)  -> (artifact id: '3d2a03c159351b6147d9ac1a6af8a80e') in 0.009592 seconds
  Import took 0.017336 seconds .

========================================================================
Received Import Request.
  Time since last request: 15.110443 seconds.
  path: Assets/Materials/LandingPad_mat.mat
  artifactKey: Guid(4ce3b8b029059a34290b8d2e035c0f79) Importer(815301076,1909f56bfc062723c751e8b465ee728b)
Start importing Assets/Materials/LandingPad_mat.mat using Guid(4ce3b8b029059a34290b8d2e035c0f79) Importer(815301076,1909f56bfc062723c751e8b465ee728b)  -> (artifact id: 'c99856e664259fb7ac970f657db32874') in 0.024004 seconds
  Import took 0.033112 seconds .

========================================================================
Received Import Request.
  Time since last request: 9.471671 seconds.
  path: Assets/Prefabs/LandingPad.prefab
  artifactKey: Guid(bee1ff4f2d88a9a4da5cf69b9c6f6141) Importer(815301076,1909f56bfc062723c751e8b465ee728b)
Start importing Assets/Prefabs/LandingPad.prefab using Guid(bee1ff4f2d88a9a4da5cf69b9c6f6141) Importer(815301076,1909f56bfc062723c751e8b465ee728b)  -> (artifact id: '4816c4c5cdda5cae7a99e9b822df48ae') in 0.006771 seconds
  Import took 0.008684 seconds .

========================================================================
Received Import Request.
  Time since last request: 475.556256 seconds.
  path: Assets/Scripts/LandingPad.cs
  artifactKey: Guid(0759eec92766a9e4587d5d8487241910) Importer(815301076,1909f56bfc062723c751e8b465ee728b)
Start importing Assets/Scripts/LandingPad.cs using Guid(0759eec92766a9e4587d5d8487241910) Importer(815301076,1909f56bfc062723c751e8b465ee728b)  -> (artifact id: 'aaf9426e9ba91a518615421b2cbc40c6') in 0.004269 seconds
  Import took 0.020087 seconds .

========================================================================
Received Prepare
Registering precompiled user dll's ...
Registered in 0.000498 seconds.
Begin MonoManager ReloadAssembly
Native extension for WindowsStandalone target not found
Native extension for WebGL target not found
Refreshing native plugins compatible for Editor in 0.17 ms, found 0 plugins.
Preloading 0 native plugins for Editor in 0.00 ms.
Mono: successfully reloaded assembly
- Completed reload, in  0.651 seconds
Platform modules already initialized, skipping
Refreshing native plugins compatible for Editor in 0.18 ms, found 0 plugins.
Preloading 0 native plugins for Editor in 0.00 ms.
Unloading 1123 Unused Serialized files (Serialized files now loaded: 0)
System memory in use before: 76.4 MB.
System memory in use after: 76.4 MB.

Unloading 6 unused Assets to reduce memory usage. Loaded Objects now: 1638.
Total: 1.196000 ms (FindLiveObjects: 0.104500 ms CreateObjectMapping: 0.026400 ms MarkObjects: 1.019900 ms  DeleteObjects: 0.044500 ms)

========================================================================
Received Import Request.
  Time since last request: 40.866029 seconds.
  path: Assets/Scripts/Ragdoll.cs
  artifactKey: Guid(b65f9e4d6487cc24582178c00cbfa1da) Importer(815301076,1909f56bfc062723c751e8b465ee728b)
Start importing Assets/Scripts/Ragdoll.cs using Guid(b65f9e4d6487cc24582178c00cbfa1da) Importer(815301076,1909f56bfc062723c751e8b465ee728b)  -> (artifact id: 'aa6a21f80a7171ec3caa6908e60cf22f') in 0.008738 seconds
  Import took 0.010303 seconds .

========================================================================
Received Import Request.
  Time since last request: 0.003486 seconds.
  path: Assets/Scripts/Ragdoll.cs
  artifactKey: Guid(b65f9e4d6487cc24582178c00cbfa1da) Importer(815301076,1909f56bfc062723c751e8b465ee728b)
Start importing Assets/Scripts/Ragdoll.cs using Guid(b65f9e4d6487cc24582178c00cbfa1da) Importer(815301076,1909f56bfc062723c751e8b465ee728b)  -> (artifact id: 'aa6a21f80a7171ec3caa6908e60cf22f') in 0.001813 seconds
  Import took 0.003424 seconds .

========================================================================
Received Import Request.
  Time since last request: 24.633896 seconds.
  path: Assets/Scripts/Reset.cs
  artifactKey: Guid(0c346391323093747bc9ba0dfc27858c) Importer(815301076,1909f56bfc062723c751e8b465ee728b)
Start importing Assets/Scripts/Reset.cs using Guid(0c346391323093747bc9ba0dfc27858c) Importer(815301076,1909f56bfc062723c751e8b465ee728b)  -> (artifact id: '6a575e6b06be38215b687ffc956d96ec') in 0.013756 seconds
  Import took 0.025331 seconds .

========================================================================
Received Import Request.
  Time since last request: 33.373736 seconds.
  path: Assets/Scripts/Score.cs
  artifactKey: Guid(63c7f5ddfa6e8254f9e3caaab3d95f30) Importer(815301076,1909f56bfc062723c751e8b465ee728b)
Start importing Assets/Scripts/Score.cs using Guid(63c7f5ddfa6e8254f9e3caaab3d95f30) Importer(815301076,1909f56bfc062723c751e8b465ee728b)  -> (artifact id: 'b956edd332facd1d8c3640906ba7edcc') in 0.007529 seconds
  Import took 0.009086 seconds .

========================================================================
Received Import Request.
  Time since last request: 0.013829 seconds.
  path: Assets/Scripts/Score.cs
  artifactKey: Guid(63c7f5ddfa6e8254f9e3caaab3d95f30) Importer(815301076,1909f56bfc062723c751e8b465ee728b)
Start importing Assets/Scripts/Score.cs using Guid(63c7f5ddfa6e8254f9e3caaab3d95f30) Importer(815301076,1909f56bfc062723c751e8b465ee728b)  -> (artifact id: 'b956edd332facd1d8c3640906ba7edcc') in 0.017959 seconds
  Import took 0.020988 seconds .

========================================================================
Received Prepare
Registering precompiled user dll's ...
Registered in 0.000481 seconds.
Begin MonoManager ReloadAssembly
Native extension for WindowsStandalone target not found
Native extension for WebGL target not found
Refreshing native plugins compatible for Editor in 0.18 ms, found 0 plugins.
Preloading 0 native plugins for Editor in 0.00 ms.
Mono: successfully reloaded assembly
- Completed reload, in  0.619 seconds
Platform modules already initialized, skipping
Refreshing native plugins compatible for Editor in 0.18 ms, found 0 plugins.
Preloading 0 native plugins for Editor in 0.00 ms.
Unloading 1123 Unused Serialized files (Serialized files now loaded: 0)
System memory in use before: 76.4 MB.
System memory in use after: 76.5 MB.

Unloading 5 unused Assets to reduce memory usage. Loaded Objects now: 1641.
Total: 1.413800 ms (FindLiveObjects: 0.120500 ms CreateObjectMapping: 0.029000 ms MarkObjects: 1.218200 ms  DeleteObjects: 0.044800 ms)

========================================================================
Received Prepare
Registering precompiled user dll's ...
Registered in 0.000491 seconds.
Begin MonoManager ReloadAssembly
Native extension for WindowsStandalone target not found
Native extension for WebGL target not found
Refreshing native plugins compatible for Editor in 0.21 ms, found 0 plugins.
Preloading 0 native plugins for Editor in 0.00 ms.
Mono: successfully reloaded assembly
- Completed reload, in  0.589 seconds
Platform modules already initialized, skipping
Refreshing native plugins compatible for Editor in 0.18 ms, found 0 plugins.
Preloading 0 native plugins for Editor in 0.00 ms.
Unloading 1123 Unused Serialized files (Serialized files now loaded: 0)
System memory in use before: 76.4 MB.
System memory in use after: 76.5 MB.

Unloading 5 unused Assets to reduce memory usage. Loaded Objects now: 1644.
Total: 1.457000 ms (FindLiveObjects: 0.162700 ms CreateObjectMapping: 0.030700 ms MarkObjects: 1.219500 ms  DeleteObjects: 0.043300 ms)

========================================================================
Received Prepare
Registering precompiled user dll's ...
Registered in 0.000524 seconds.
Begin MonoManager ReloadAssembly
Native extension for WindowsStandalone target not found
Native extension for WebGL target not found
Refreshing native plugins compatible for Editor in 0.18 ms, found 0 plugins.
Preloading 0 native plugins for Editor in 0.00 ms.
Mono: successfully reloaded assembly
- Completed reload, in  0.566 seconds
Platform modules already initialized, skipping
Refreshing native plugins compatible for Editor in 0.22 ms, found 0 plugins.
Preloading 0 native plugins for Editor in 0.00 ms.
Unloading 1123 Unused Serialized files (Serialized files now loaded: 0)
System memory in use before: 76.4 MB.
System memory in use after: 76.5 MB.

Unloading 5 unused Assets to reduce memory usage. Loaded Objects now: 1647.
Total: 1.319500 ms (FindLiveObjects: 0.121800 ms CreateObjectMapping: 0.029800 ms MarkObjects: 1.121800 ms  DeleteObjects: 0.045200 ms)

========================================================================
Received Import Request.
  Time since last request: 2923.678440 seconds.
  path: Assets/Scripts/LandingPad.cs
  artifactKey: Guid(0759eec92766a9e4587d5d8487241910) Importer(815301076,1909f56bfc062723c751e8b465ee728b)
Start importing Assets/Scripts/LandingPad.cs using Guid(0759eec92766a9e4587d5d8487241910) Importer(815301076,1909f56bfc062723c751e8b465ee728b)  -> (artifact id: 'baff6206c59b4e6233947b0772a682f7') in 0.002874 seconds
  Import took 0.004386 seconds .

========================================================================
Received Import Request.
  Time since last request: 100.657401 seconds.
  path: Assets/Prefabs/Dummy.prefab
  artifactKey: Guid(8d0d8d4fc7ea7054d91f958c6628137c) Importer(815301076,1909f56bfc062723c751e8b465ee728b)
Start importing Assets/Prefabs/Dummy.prefab using Guid(8d0d8d4fc7ea7054d91f958c6628137c) Importer(815301076,1909f56bfc062723c751e8b465ee728b)  -> (artifact id: '6fc8303d349497e8058db40619e06f08') in 0.065851 seconds
  Import took 0.067692 seconds .

========================================================================
Received Prepare
Registering precompiled user dll's ...
Registered in 0.000508 seconds.
Begin MonoManager ReloadAssembly
Native extension for WindowsStandalone target not found
Native extension for WebGL target not found
Refreshing native plugins compatible for Editor in 0.18 ms, found 0 plugins.
Preloading 0 native plugins for Editor in 0.00 ms.
Mono: successfully reloaded assembly
- Completed reload, in  0.585 seconds
Platform modules already initialized, skipping
Refreshing native plugins compatible for Editor in 0.19 ms, found 0 plugins.
Preloading 0 native plugins for Editor in 0.00 ms.
Unloading 1123 Unused Serialized files (Serialized files now loaded: 0)
System memory in use before: 76.4 MB.
System memory in use after: 76.5 MB.

Unloading 5 unused Assets to reduce memory usage. Loaded Objects now: 1651.
Total: 1.419800 ms (FindLiveObjects: 0.105900 ms CreateObjectMapping: 0.024900 ms MarkObjects: 1.244000 ms  DeleteObjects: 0.043700 ms)

========================================================================
Received Import Request.
  Time since last request: 339.857342 seconds.
  path: Assets/Prefabs/LandingPad.prefab
  artifactKey: Guid(bee1ff4f2d88a9a4da5cf69b9c6f6141) Importer(815301076,1909f56bfc062723c751e8b465ee728b)
Start importing Assets/Prefabs/LandingPad.prefab using Guid(bee1ff4f2d88a9a4da5cf69b9c6f6141) Importer(815301076,1909f56bfc062723c751e8b465ee728b)  -> (artifact id: '50f4fd9d5f4373e0ee16a0b0aad06025') in 0.044378 seconds
  Import took 0.046082 seconds .

========================================================================
Received Import Request.
  Time since last request: 4.458131 seconds.
  path: Assets/Prefabs/LandingPad.prefab
  artifactKey: Guid(bee1ff4f2d88a9a4da5cf69b9c6f6141) Importer(815301076,1909f56bfc062723c751e8b465ee728b)
Start importing Assets/Prefabs/LandingPad.prefab using Guid(bee1ff4f2d88a9a4da5cf69b9c6f6141) Importer(815301076,1909f56bfc062723c751e8b465ee728b)  -> (artifact id: '0729014445c152ca9e08c1b1e0a22204') in 0.012463 seconds
  Import took 0.014226 seconds .

========================================================================
Received Prepare
Registering precompiled user dll's ...
Registered in 0.000529 seconds.
Begin MonoManager ReloadAssembly
Native extension for WindowsStandalone target not found
Native extension for WebGL target not found
Refreshing native plugins compatible for Editor in 0.18 ms, found 0 plugins.
Preloading 0 native plugins for Editor in 0.00 ms.
Mono: successfully reloaded assembly
- Completed reload, in  0.631 seconds
Platform modules already initialized, skipping
Refreshing native plugins compatible for Editor in 0.20 ms, found 0 plugins.
Preloading 0 native plugins for Editor in 0.00 ms.
Unloading 1123 Unused Serialized files (Serialized files now loaded: 0)
System memory in use before: 76.4 MB.
System memory in use after: 76.5 MB.

Unloading 5 unused Assets to reduce memory usage. Loaded Objects now: 1655.
Total: 1.627500 ms (FindLiveObjects: 0.123000 ms CreateObjectMapping: 0.030200 ms MarkObjects: 1.424700 ms  DeleteObjects: 0.048200 ms)

AssetImportWorkerClient::OnTransportError - code=2 error=End of file
